{"time":"2024-07-21T17:36:02.253378+08:00","level":"INFO","msg":"Starting gitrender","mode":"debug","apiKey":"app-GmYbVsZ3MG7qgDrnQeymPTWN","preview":false}
{"time":"2024-07-21T17:36:02.25442+08:00","level":"DEBUG","msg":"main model update","msg":"tea.WindowSizeMsg {174 48}"}
{"time":"2024-07-21T17:36:03.255081+08:00","level":"DEBUG","msg":"main model update","msg":"model.tickMsg {}"}
{"time":"2024-07-21T17:36:04.255285+08:00","level":"DEBUG","msg":"main model update","msg":"model.tickMsg {}"}
{"time":"2024-07-21T17:36:05.255576+08:00","level":"DEBUG","msg":"main model update","msg":"model.tickMsg {}"}
{"time":"2024-07-21T17:36:06.255987+08:00","level":"DEBUG","msg":"main model update","msg":"model.tickMsg {}"}
{"time":"2024-07-21T17:36:07.256403+08:00","level":"DEBUG","msg":"main model update","msg":"model.tickMsg {}"}
{"time":"2024-07-21T17:36:08.256833+08:00","level":"DEBUG","msg":"main model update","msg":"model.tickMsg {}"}
{"time":"2024-07-21T17:36:09.25739+08:00","level":"DEBUG","msg":"main model update","msg":"model.tickMsg {}"}
{"time":"2024-07-21T17:36:10.257974+08:00","level":"DEBUG","msg":"main model update","msg":"model.tickMsg {}"}
{"time":"2024-07-21T17:36:11.007411+08:00","level":"DEBUG","msg":"main model update","msg":"tea.KeyMsg down"}
{"time":"2024-07-21T17:36:11.258525+08:00","level":"DEBUG","msg":"main model update","msg":"model.tickMsg {}"}
{"time":"2024-07-21T17:36:11.324488+08:00","level":"DEBUG","msg":"main model update","msg":"tea.KeyMsg enter"}
{"time":"2024-07-21T17:36:11.341814+08:00","level":"DEBUG","msg":"main model update","msg":"model.frameMsg {}"}
{"time":"2024-07-21T17:36:11.342175+08:00","level":"DEBUG","msg":"crawl start","language":"go"}
{"time":"2024-07-21T17:36:11.359323+08:00","level":"DEBUG","msg":"main model update","msg":"model.frameMsg {}"}
{"time":"2024-07-21T17:36:11.37659+08:00","level":"DEBUG","msg":"main model update","msg":"model.frameMsg {}"}
{"time":"2024-07-21T17:36:11.394228+08:00","level":"DEBUG","msg":"main model update","msg":"model.frameMsg {}"}
{"time":"2024-07-21T17:36:11.411972+08:00","level":"DEBUG","msg":"main model update","msg":"model.frameMsg {}"}
{"time":"2024-07-21T17:36:11.429826+08:00","level":"DEBUG","msg":"main model update","msg":"model.frameMsg {}"}
{"time":"2024-07-21T17:36:11.44785+08:00","level":"DEBUG","msg":"main model update","msg":"model.frameMsg {}"}
{"time":"2024-07-21T17:36:11.465814+08:00","level":"DEBUG","msg":"main model update","msg":"model.frameMsg {}"}
{"time":"2024-07-21T17:36:11.483768+08:00","level":"DEBUG","msg":"main model update","msg":"model.frameMsg {}"}
{"time":"2024-07-21T17:36:11.501735+08:00","level":"DEBUG","msg":"main model update","msg":"model.frameMsg {}"}
{"time":"2024-07-21T17:36:11.519991+08:00","level":"DEBUG","msg":"main model update","msg":"model.frameMsg {}"}
{"time":"2024-07-21T17:36:11.538015+08:00","level":"DEBUG","msg":"main model update","msg":"model.frameMsg {}"}
{"time":"2024-07-21T17:36:11.554887+08:00","level":"DEBUG","msg":"main model update","msg":"model.frameMsg {}"}
{"time":"2024-07-21T17:36:11.571821+08:00","level":"DEBUG","msg":"main model update","msg":"model.frameMsg {}"}
{"time":"2024-07-21T17:36:11.588848+08:00","level":"DEBUG","msg":"main model update","msg":"model.frameMsg {}"}
{"time":"2024-07-21T17:36:11.606018+08:00","level":"DEBUG","msg":"main model update","msg":"model.frameMsg {}"}
{"time":"2024-07-21T17:36:11.623082+08:00","level":"DEBUG","msg":"main model update","msg":"model.frameMsg {}"}
{"time":"2024-07-21T17:36:11.640189+08:00","level":"DEBUG","msg":"main model update","msg":"model.frameMsg {}"}
{"time":"2024-07-21T17:36:11.657323+08:00","level":"DEBUG","msg":"main model update","msg":"model.frameMsg {}"}
{"time":"2024-07-21T17:36:11.674238+08:00","level":"DEBUG","msg":"main model update","msg":"model.frameMsg {}"}
{"time":"2024-07-21T17:36:11.691482+08:00","level":"DEBUG","msg":"main model update","msg":"model.frameMsg {}"}
{"time":"2024-07-21T17:36:11.708867+08:00","level":"DEBUG","msg":"main model update","msg":"model.frameMsg {}"}
{"time":"2024-07-21T17:36:11.726241+08:00","level":"DEBUG","msg":"main model update","msg":"model.frameMsg {}"}
{"time":"2024-07-21T17:36:11.744178+08:00","level":"DEBUG","msg":"main model update","msg":"model.frameMsg {}"}
{"time":"2024-07-21T17:36:11.761782+08:00","level":"DEBUG","msg":"main model update","msg":"model.frameMsg {}"}
{"time":"2024-07-21T17:36:11.778938+08:00","level":"DEBUG","msg":"main model update","msg":"model.frameMsg {}"}
{"time":"2024-07-21T17:36:11.796686+08:00","level":"DEBUG","msg":"main model update","msg":"model.frameMsg {}"}
{"time":"2024-07-21T17:36:11.814511+08:00","level":"DEBUG","msg":"main model update","msg":"model.frameMsg {}"}
{"time":"2024-07-21T17:36:11.832331+08:00","level":"DEBUG","msg":"main model update","msg":"model.frameMsg {}"}
{"time":"2024-07-21T17:36:11.849918+08:00","level":"DEBUG","msg":"main model update","msg":"model.frameMsg {}"}
{"time":"2024-07-21T17:36:11.867628+08:00","level":"DEBUG","msg":"main model update","msg":"model.frameMsg {}"}
{"time":"2024-07-21T17:36:11.885429+08:00","level":"DEBUG","msg":"main model update","msg":"model.frameMsg {}"}
{"time":"2024-07-21T17:36:11.903078+08:00","level":"DEBUG","msg":"main model update","msg":"model.frameMsg {}"}
{"time":"2024-07-21T17:36:11.938263+08:00","level":"DEBUG","msg":"main model update","msg":"model.frameMsg {}"}
{"time":"2024-07-21T17:36:11.955138+08:00","level":"DEBUG","msg":"main model update","msg":"model.frameMsg {}"}
{"time":"2024-07-21T17:36:11.971997+08:00","level":"DEBUG","msg":"main model update","msg":"model.frameMsg {}"}
{"time":"2024-07-21T17:36:11.988936+08:00","level":"DEBUG","msg":"main model update","msg":"model.frameMsg {}"}
{"time":"2024-07-21T17:36:12.005928+08:00","level":"DEBUG","msg":"main model update","msg":"model.frameMsg {}"}
{"time":"2024-07-21T17:36:12.022817+08:00","level":"DEBUG","msg":"main model update","msg":"model.frameMsg {}"}
{"time":"2024-07-21T17:36:12.039817+08:00","level":"DEBUG","msg":"main model update","msg":"model.frameMsg {}"}
{"time":"2024-07-21T17:36:12.056939+08:00","level":"DEBUG","msg":"main model update","msg":"model.frameMsg {}"}
{"time":"2024-07-21T17:36:12.07397+08:00","level":"DEBUG","msg":"main model update","msg":"model.frameMsg {}"}
{"time":"2024-07-21T17:36:12.091064+08:00","level":"DEBUG","msg":"main model update","msg":"model.frameMsg {}"}
{"time":"2024-07-21T17:36:12.108206+08:00","level":"DEBUG","msg":"main model update","msg":"model.frameMsg {}"}
{"time":"2024-07-21T17:36:12.125424+08:00","level":"DEBUG","msg":"main model update","msg":"model.frameMsg {}"}
{"time":"2024-07-21T17:36:12.142553+08:00","level":"DEBUG","msg":"main model update","msg":"model.frameMsg {}"}
{"time":"2024-07-21T17:36:12.160073+08:00","level":"DEBUG","msg":"main model update","msg":"model.frameMsg {}"}
{"time":"2024-07-21T17:36:12.177512+08:00","level":"DEBUG","msg":"main model update","msg":"model.frameMsg {}"}
{"time":"2024-07-21T17:36:12.195162+08:00","level":"DEBUG","msg":"main model update","msg":"model.frameMsg {}"}
{"time":"2024-07-21T17:36:12.212922+08:00","level":"DEBUG","msg":"main model update","msg":"model.frameMsg {}"}
{"time":"2024-07-21T17:36:12.230715+08:00","level":"DEBUG","msg":"main model update","msg":"model.frameMsg {}"}
{"time":"2024-07-21T17:36:12.248616+08:00","level":"DEBUG","msg":"main model update","msg":"model.frameMsg {}"}
{"time":"2024-07-21T17:36:12.259017+08:00","level":"DEBUG","msg":"main model update","msg":"model.tickMsg {}"}
{"time":"2024-07-21T17:36:12.266262+08:00","level":"DEBUG","msg":"main model update","msg":"model.frameMsg {}"}
{"time":"2024-07-21T17:36:12.283191+08:00","level":"DEBUG","msg":"main model update","msg":"model.frameMsg {}"}
{"time":"2024-07-21T17:36:12.301174+08:00","level":"DEBUG","msg":"main model update","msg":"model.frameMsg {}"}
{"time":"2024-07-21T17:36:12.319094+08:00","level":"DEBUG","msg":"main model update","msg":"model.frameMsg {}"}
{"time":"2024-07-21T17:36:12.336703+08:00","level":"DEBUG","msg":"main model update","msg":"model.frameMsg {}"}
{"time":"2024-07-21T17:36:12.354665+08:00","level":"DEBUG","msg":"main model update","msg":"model.frameMsg {}"}
{"time":"2024-07-21T17:36:12.371656+08:00","level":"DEBUG","msg":"main model update","msg":"model.frameMsg {}"}
{"time":"2024-07-21T17:36:12.388599+08:00","level":"DEBUG","msg":"main model update","msg":"model.frameMsg {}"}
{"time":"2024-07-21T17:36:12.405551+08:00","level":"DEBUG","msg":"main model update","msg":"model.frameMsg {}"}
{"time":"2024-07-21T17:36:12.422584+08:00","level":"DEBUG","msg":"main model update","msg":"model.frameMsg {}"}
{"time":"2024-07-21T17:36:12.439637+08:00","level":"DEBUG","msg":"main model update","msg":"model.frameMsg {}"}
{"time":"2024-07-21T17:36:12.456767+08:00","level":"DEBUG","msg":"main model update","msg":"model.frameMsg {}"}
{"time":"2024-07-21T17:36:12.473959+08:00","level":"DEBUG","msg":"main model update","msg":"model.frameMsg {}"}
{"time":"2024-07-21T17:36:12.491195+08:00","level":"DEBUG","msg":"main model update","msg":"model.frameMsg {}"}
{"time":"2024-07-21T17:36:12.508538+08:00","level":"DEBUG","msg":"main model update","msg":"model.frameMsg {}"}
{"time":"2024-07-21T17:36:12.525955+08:00","level":"DEBUG","msg":"main model update","msg":"model.frameMsg {}"}
{"time":"2024-07-21T17:36:12.543436+08:00","level":"DEBUG","msg":"main model update","msg":"model.frameMsg {}"}
{"time":"2024-07-21T17:36:12.561034+08:00","level":"DEBUG","msg":"main model update","msg":"model.frameMsg {}"}
{"time":"2024-07-21T17:36:12.57933+08:00","level":"DEBUG","msg":"main model update","msg":"model.frameMsg {}"}
{"time":"2024-07-21T17:36:12.597281+08:00","level":"DEBUG","msg":"main model update","msg":"model.frameMsg {}"}
{"time":"2024-07-21T17:36:12.615218+08:00","level":"DEBUG","msg":"main model update","msg":"model.frameMsg {}"}
{"time":"2024-07-21T17:36:12.633181+08:00","level":"DEBUG","msg":"main model update","msg":"model.frameMsg {}"}
{"time":"2024-07-21T17:36:12.65115+08:00","level":"DEBUG","msg":"main model update","msg":"model.frameMsg {}"}
{"time":"2024-07-21T17:36:12.669125+08:00","level":"DEBUG","msg":"main model update","msg":"model.frameMsg {}"}
{"time":"2024-07-21T17:36:12.687259+08:00","level":"DEBUG","msg":"main model update","msg":"model.frameMsg {}"}
{"time":"2024-07-21T17:36:12.704188+08:00","level":"DEBUG","msg":"main model update","msg":"model.frameMsg {}"}
{"time":"2024-07-21T17:36:12.721361+08:00","level":"DEBUG","msg":"main model update","msg":"model.frameMsg {}"}
{"time":"2024-07-21T17:36:12.738299+08:00","level":"DEBUG","msg":"main model update","msg":"model.frameMsg {}"}
{"time":"2024-07-21T17:36:12.755227+08:00","level":"DEBUG","msg":"main model update","msg":"model.frameMsg {}"}
{"time":"2024-07-21T17:36:12.772199+08:00","level":"DEBUG","msg":"main model update","msg":"model.frameMsg {}"}
{"time":"2024-07-21T17:36:12.789222+08:00","level":"DEBUG","msg":"main model update","msg":"model.frameMsg {}"}
{"time":"2024-07-21T17:36:12.80625+08:00","level":"DEBUG","msg":"main model update","msg":"model.frameMsg {}"}
{"time":"2024-07-21T17:36:12.823543+08:00","level":"DEBUG","msg":"main model update","msg":"model.frameMsg {}"}
{"time":"2024-07-21T17:36:12.840756+08:00","level":"DEBUG","msg":"main model update","msg":"model.frameMsg {}"}
{"time":"2024-07-21T17:36:12.858065+08:00","level":"DEBUG","msg":"main model update","msg":"model.frameMsg {}"}
{"time":"2024-07-21T17:36:12.875324+08:00","level":"DEBUG","msg":"main model update","msg":"model.frameMsg {}"}
{"time":"2024-07-21T17:36:12.89275+08:00","level":"DEBUG","msg":"main model update","msg":"model.frameMsg {}"}
{"time":"2024-07-21T17:36:12.910117+08:00","level":"DEBUG","msg":"main model update","msg":"model.frameMsg {}"}
{"time":"2024-07-21T17:36:12.927639+08:00","level":"DEBUG","msg":"main model update","msg":"model.frameMsg {}"}
{"time":"2024-07-21T17:36:12.944665+08:00","level":"DEBUG","msg":"main model update","msg":"model.frameMsg {}"}
{"time":"2024-07-21T17:36:12.962352+08:00","level":"DEBUG","msg":"main model update","msg":"model.frameMsg {}"}
{"time":"2024-07-21T17:36:12.98029+08:00","level":"DEBUG","msg":"main model update","msg":"model.frameMsg {}"}
{"time":"2024-07-21T17:36:12.998144+08:00","level":"DEBUG","msg":"main model update","msg":"model.frameMsg {}"}
{"time":"2024-07-21T17:36:13.016068+08:00","level":"DEBUG","msg":"main model update","msg":"model.frameMsg {}"}
{"time":"2024-07-21T17:36:13.033721+08:00","level":"DEBUG","msg":"main model update","msg":"model.frameMsg {}"}
{"time":"2024-07-21T17:36:13.051671+08:00","level":"DEBUG","msg":"main model update","msg":"model.frameMsg {}"}
{"time":"2024-07-21T17:36:13.069708+08:00","level":"DEBUG","msg":"main model update","msg":"model.frameMsg {}"}
{"time":"2024-07-21T17:36:13.087771+08:00","level":"DEBUG","msg":"main model update","msg":"model.frameMsg {}"}
{"time":"2024-07-21T17:36:13.104693+08:00","level":"DEBUG","msg":"main model update","msg":"model.frameMsg {}"}
{"time":"2024-07-21T17:36:13.121618+08:00","level":"DEBUG","msg":"main model update","msg":"model.frameMsg {}"}
{"time":"2024-07-21T17:36:13.138748+08:00","level":"DEBUG","msg":"main model update","msg":"model.frameMsg {}"}
{"time":"2024-07-21T17:36:13.155795+08:00","level":"DEBUG","msg":"main model update","msg":"model.frameMsg {}"}
{"time":"2024-07-21T17:36:13.172829+08:00","level":"DEBUG","msg":"main model update","msg":"model.frameMsg {}"}
{"time":"2024-07-21T17:36:13.189839+08:00","level":"DEBUG","msg":"main model update","msg":"model.frameMsg {}"}
{"time":"2024-07-21T17:36:13.206896+08:00","level":"DEBUG","msg":"main model update","msg":"model.frameMsg {}"}
{"time":"2024-07-21T17:36:13.224014+08:00","level":"DEBUG","msg":"main model update","msg":"model.frameMsg {}"}
{"time":"2024-07-21T17:36:13.240904+08:00","level":"DEBUG","msg":"main model update","msg":"model.frameMsg {}"}
{"time":"2024-07-21T17:36:13.258221+08:00","level":"DEBUG","msg":"main model update","msg":"model.frameMsg {}"}
{"time":"2024-07-21T17:36:13.259627+08:00","level":"DEBUG","msg":"main model update","msg":"model.tickMsg {}"}
{"time":"2024-07-21T17:36:13.275479+08:00","level":"DEBUG","msg":"main model update","msg":"model.frameMsg {}"}
{"time":"2024-07-21T17:36:13.292937+08:00","level":"DEBUG","msg":"main model update","msg":"model.frameMsg {}"}
{"time":"2024-07-21T17:36:13.310459+08:00","level":"DEBUG","msg":"main model update","msg":"model.frameMsg {}"}
{"time":"2024-07-21T17:36:13.328043+08:00","level":"DEBUG","msg":"main model update","msg":"model.frameMsg {}"}
{"time":"2024-07-21T17:36:13.345865+08:00","level":"DEBUG","msg":"main model update","msg":"model.frameMsg {}"}
{"time":"2024-07-21T17:36:13.363192+08:00","level":"DEBUG","msg":"main model update","msg":"model.frameMsg {}"}
{"time":"2024-07-21T17:36:13.381163+08:00","level":"DEBUG","msg":"main model update","msg":"model.frameMsg {}"}
{"time":"2024-07-21T17:36:13.39824+08:00","level":"DEBUG","msg":"main model update","msg":"model.frameMsg {}"}
{"time":"2024-07-21T17:36:13.416232+08:00","level":"DEBUG","msg":"main model update","msg":"model.frameMsg {}"}
{"time":"2024-07-21T17:36:13.434154+08:00","level":"DEBUG","msg":"main model update","msg":"model.frameMsg {}"}
{"time":"2024-07-21T17:36:13.452221+08:00","level":"DEBUG","msg":"main model update","msg":"model.frameMsg {}"}
{"time":"2024-07-21T17:36:13.469857+08:00","level":"DEBUG","msg":"main model update","msg":"model.frameMsg {}"}
{"time":"2024-07-21T17:36:13.48776+08:00","level":"DEBUG","msg":"main model update","msg":"model.frameMsg {}"}
{"time":"2024-07-21T17:36:13.504706+08:00","level":"DEBUG","msg":"main model update","msg":"model.frameMsg {}"}
{"time":"2024-07-21T17:36:13.521618+08:00","level":"DEBUG","msg":"main model update","msg":"model.frameMsg {}"}
{"time":"2024-07-21T17:36:13.538545+08:00","level":"DEBUG","msg":"main model update","msg":"model.frameMsg {}"}
{"time":"2024-07-21T17:36:13.555566+08:00","level":"DEBUG","msg":"main model update","msg":"model.frameMsg {}"}
{"time":"2024-07-21T17:36:13.572579+08:00","level":"DEBUG","msg":"main model update","msg":"model.frameMsg {}"}
{"time":"2024-07-21T17:36:13.58967+08:00","level":"DEBUG","msg":"main model update","msg":"model.frameMsg {}"}
{"time":"2024-07-21T17:36:13.606741+08:00","level":"DEBUG","msg":"main model update","msg":"model.frameMsg {}"}
{"time":"2024-07-21T17:36:13.623956+08:00","level":"DEBUG","msg":"main model update","msg":"model.frameMsg {}"}
{"time":"2024-07-21T17:36:13.641257+08:00","level":"DEBUG","msg":"main model update","msg":"model.frameMsg {}"}
{"time":"2024-07-21T17:36:13.658564+08:00","level":"DEBUG","msg":"main model update","msg":"model.frameMsg {}"}
{"time":"2024-07-21T17:36:13.675956+08:00","level":"DEBUG","msg":"main model update","msg":"model.frameMsg {}"}
{"time":"2024-07-21T17:36:13.693485+08:00","level":"DEBUG","msg":"main model update","msg":"model.frameMsg {}"}
{"time":"2024-07-21T17:36:13.711165+08:00","level":"DEBUG","msg":"main model update","msg":"model.frameMsg {}"}
{"time":"2024-07-21T17:36:13.729005+08:00","level":"DEBUG","msg":"main model update","msg":"model.frameMsg {}"}
{"time":"2024-07-21T17:36:13.74689+08:00","level":"DEBUG","msg":"main model update","msg":"model.frameMsg {}"}
{"time":"2024-07-21T17:36:13.764751+08:00","level":"DEBUG","msg":"main model update","msg":"model.frameMsg {}"}
{"time":"2024-07-21T17:36:13.782714+08:00","level":"DEBUG","msg":"main model update","msg":"model.frameMsg {}"}
{"time":"2024-07-21T17:36:13.799821+08:00","level":"DEBUG","msg":"main model update","msg":"model.frameMsg {}"}
{"time":"2024-07-21T17:36:13.817926+08:00","level":"DEBUG","msg":"main model update","msg":"model.frameMsg {}"}
{"time":"2024-07-21T17:36:13.835825+08:00","level":"DEBUG","msg":"main model update","msg":"model.frameMsg {}"}
{"time":"2024-07-21T17:36:13.853772+08:00","level":"DEBUG","msg":"main model update","msg":"model.frameMsg {}"}
{"time":"2024-07-21T17:36:13.871379+08:00","level":"DEBUG","msg":"main model update","msg":"model.frameMsg {}"}
{"time":"2024-07-21T17:36:13.888223+08:00","level":"DEBUG","msg":"main model update","msg":"model.frameMsg {}"}
{"time":"2024-07-21T17:36:13.905071+08:00","level":"DEBUG","msg":"main model update","msg":"model.frameMsg {}"}
{"time":"2024-07-21T17:36:13.921958+08:00","level":"DEBUG","msg":"main model update","msg":"model.frameMsg {}"}
{"time":"2024-07-21T17:36:13.938877+08:00","level":"DEBUG","msg":"main model update","msg":"model.frameMsg {}"}
{"time":"2024-07-21T17:36:13.955958+08:00","level":"DEBUG","msg":"main model update","msg":"model.frameMsg {}"}
{"time":"2024-07-21T17:36:13.972968+08:00","level":"DEBUG","msg":"main model update","msg":"model.frameMsg {}"}
{"time":"2024-07-21T17:36:13.990016+08:00","level":"DEBUG","msg":"main model update","msg":"model.frameMsg {}"}
{"time":"2024-07-21T17:36:14.007121+08:00","level":"DEBUG","msg":"main model update","msg":"model.frameMsg {}"}
{"time":"2024-07-21T17:36:14.024293+08:00","level":"DEBUG","msg":"main model update","msg":"model.frameMsg {}"}
{"time":"2024-07-21T17:36:14.041558+08:00","level":"DEBUG","msg":"main model update","msg":"model.frameMsg {}"}
{"time":"2024-07-21T17:36:14.058814+08:00","level":"DEBUG","msg":"main model update","msg":"model.frameMsg {}"}
{"time":"2024-07-21T17:36:14.076207+08:00","level":"DEBUG","msg":"main model update","msg":"model.frameMsg {}"}
{"time":"2024-07-21T17:36:14.093826+08:00","level":"DEBUG","msg":"main model update","msg":"model.frameMsg {}"}
{"time":"2024-07-21T17:36:14.11148+08:00","level":"DEBUG","msg":"main model update","msg":"model.frameMsg {}"}
{"time":"2024-07-21T17:36:14.12925+08:00","level":"DEBUG","msg":"main model update","msg":"model.frameMsg {}"}
{"time":"2024-07-21T17:36:14.146542+08:00","level":"DEBUG","msg":"main model update","msg":"model.frameMsg {}"}
{"time":"2024-07-21T17:36:14.164348+08:00","level":"DEBUG","msg":"main model update","msg":"model.frameMsg {}"}
{"time":"2024-07-21T17:36:14.181454+08:00","level":"DEBUG","msg":"main model update","msg":"model.frameMsg {}"}
{"time":"2024-07-21T17:36:14.198711+08:00","level":"DEBUG","msg":"main model update","msg":"model.frameMsg {}"}
{"time":"2024-07-21T17:36:14.216709+08:00","level":"DEBUG","msg":"main model update","msg":"model.frameMsg {}"}
{"time":"2024-07-21T17:36:14.234639+08:00","level":"DEBUG","msg":"main model update","msg":"model.frameMsg {}"}
{"time":"2024-07-21T17:36:14.252636+08:00","level":"DEBUG","msg":"main model update","msg":"model.frameMsg {}"}
{"time":"2024-07-21T17:36:14.260491+08:00","level":"DEBUG","msg":"main model update","msg":"model.tickMsg {}"}
{"time":"2024-07-21T17:36:14.270641+08:00","level":"DEBUG","msg":"main model update","msg":"model.frameMsg {}"}
{"time":"2024-07-21T17:36:14.287932+08:00","level":"DEBUG","msg":"main model update","msg":"model.frameMsg {}"}
{"time":"2024-07-21T17:36:14.304862+08:00","level":"DEBUG","msg":"main model update","msg":"model.frameMsg {}"}
{"time":"2024-07-21T17:36:14.321799+08:00","level":"DEBUG","msg":"main model update","msg":"model.frameMsg {}"}
{"time":"2024-07-21T17:36:14.338907+08:00","level":"DEBUG","msg":"main model update","msg":"model.frameMsg {}"}
{"time":"2024-07-21T17:36:14.355998+08:00","level":"DEBUG","msg":"main model update","msg":"model.frameMsg {}"}
{"time":"2024-07-21T17:36:14.373175+08:00","level":"DEBUG","msg":"main model update","msg":"model.frameMsg {}"}
{"time":"2024-07-21T17:36:14.390314+08:00","level":"DEBUG","msg":"main model update","msg":"model.frameMsg {}"}
{"time":"2024-07-21T17:36:14.407556+08:00","level":"DEBUG","msg":"main model update","msg":"model.frameMsg {}"}
{"time":"2024-07-21T17:36:14.424861+08:00","level":"DEBUG","msg":"main model update","msg":"model.frameMsg {}"}
{"time":"2024-07-21T17:36:14.442163+08:00","level":"DEBUG","msg":"main model update","msg":"model.frameMsg {}"}
{"time":"2024-07-21T17:36:14.459652+08:00","level":"DEBUG","msg":"main model update","msg":"model.frameMsg {}"}
{"time":"2024-07-21T17:36:14.477147+08:00","level":"DEBUG","msg":"main model update","msg":"model.frameMsg {}"}
{"time":"2024-07-21T17:36:14.494788+08:00","level":"DEBUG","msg":"main model update","msg":"model.frameMsg {}"}
{"time":"2024-07-21T17:36:14.512553+08:00","level":"DEBUG","msg":"main model update","msg":"model.frameMsg {}"}
{"time":"2024-07-21T17:36:14.530342+08:00","level":"DEBUG","msg":"main model update","msg":"model.frameMsg {}"}
{"time":"2024-07-21T17:36:14.54782+08:00","level":"DEBUG","msg":"main model update","msg":"model.frameMsg {}"}
{"time":"2024-07-21T17:36:14.565752+08:00","level":"DEBUG","msg":"main model update","msg":"model.frameMsg {}"}
{"time":"2024-07-21T17:36:14.583678+08:00","level":"DEBUG","msg":"main model update","msg":"model.frameMsg {}"}
{"time":"2024-07-21T17:36:14.601585+08:00","level":"DEBUG","msg":"main model update","msg":"model.frameMsg {}"}
{"time":"2024-07-21T17:36:14.619557+08:00","level":"DEBUG","msg":"main model update","msg":"model.frameMsg {}"}
{"time":"2024-07-21T17:36:14.63703+08:00","level":"DEBUG","msg":"main model update","msg":"model.frameMsg {}"}
{"time":"2024-07-21T17:36:14.655272+08:00","level":"DEBUG","msg":"main model update","msg":"model.frameMsg {}"}
{"time":"2024-07-21T17:36:14.672398+08:00","level":"DEBUG","msg":"main model update","msg":"model.frameMsg {}"}
{"time":"2024-07-21T17:36:14.689508+08:00","level":"DEBUG","msg":"main model update","msg":"model.frameMsg {}"}
{"time":"2024-07-21T17:36:14.706664+08:00","level":"DEBUG","msg":"main model update","msg":"model.frameMsg {}"}
{"time":"2024-07-21T17:36:14.723845+08:00","level":"DEBUG","msg":"main model update","msg":"model.frameMsg {}"}
{"time":"2024-07-21T17:36:14.741142+08:00","level":"DEBUG","msg":"main model update","msg":"model.frameMsg {}"}
{"time":"2024-07-21T17:36:14.758504+08:00","level":"DEBUG","msg":"main model update","msg":"model.frameMsg {}"}
{"time":"2024-07-21T17:36:14.775981+08:00","level":"DEBUG","msg":"main model update","msg":"model.frameMsg {}"}
{"time":"2024-07-21T17:36:14.7933+08:00","level":"DEBUG","msg":"main model update","msg":"model.frameMsg {}"}
{"time":"2024-07-21T17:36:14.810858+08:00","level":"DEBUG","msg":"main model update","msg":"model.frameMsg {}"}
{"time":"2024-07-21T17:36:14.828598+08:00","level":"DEBUG","msg":"main model update","msg":"model.frameMsg {}"}
{"time":"2024-07-21T17:36:14.846511+08:00","level":"DEBUG","msg":"main model update","msg":"model.frameMsg {}"}
{"time":"2024-07-21T17:36:14.863867+08:00","level":"DEBUG","msg":"main model update","msg":"model.frameMsg {}"}
{"time":"2024-07-21T17:36:14.881731+08:00","level":"DEBUG","msg":"main model update","msg":"model.frameMsg {}"}
{"time":"2024-07-21T17:36:14.899656+08:00","level":"DEBUG","msg":"main model update","msg":"model.frameMsg {}"}
{"time":"2024-07-21T17:36:14.917555+08:00","level":"DEBUG","msg":"main model update","msg":"model.frameMsg {}"}
{"time":"2024-07-21T17:36:14.935584+08:00","level":"DEBUG","msg":"main model update","msg":"model.frameMsg {}"}
{"time":"2024-07-21T17:36:14.95347+08:00","level":"DEBUG","msg":"main model update","msg":"model.frameMsg {}"}
{"time":"2024-07-21T17:36:14.971302+08:00","level":"DEBUG","msg":"main model update","msg":"model.frameMsg {}"}
{"time":"2024-07-21T17:36:14.988195+08:00","level":"DEBUG","msg":"main model update","msg":"model.frameMsg {}"}
{"time":"2024-07-21T17:36:15.005129+08:00","level":"DEBUG","msg":"main model update","msg":"model.frameMsg {}"}
{"time":"2024-07-21T17:36:15.022186+08:00","level":"DEBUG","msg":"main model update","msg":"model.frameMsg {}"}
{"time":"2024-07-21T17:36:15.03928+08:00","level":"DEBUG","msg":"main model update","msg":"model.frameMsg {}"}
{"time":"2024-07-21T17:36:15.056427+08:00","level":"DEBUG","msg":"main model update","msg":"model.frameMsg {}"}
{"time":"2024-07-21T17:36:15.073641+08:00","level":"DEBUG","msg":"main model update","msg":"model.frameMsg {}"}
{"time":"2024-07-21T17:36:15.090846+08:00","level":"DEBUG","msg":"main model update","msg":"model.frameMsg {}"}
{"time":"2024-07-21T17:36:15.108095+08:00","level":"DEBUG","msg":"main model update","msg":"model.frameMsg {}"}
{"time":"2024-07-21T17:36:15.125514+08:00","level":"DEBUG","msg":"main model update","msg":"model.frameMsg {}"}
{"time":"2024-07-21T17:36:15.142992+08:00","level":"DEBUG","msg":"main model update","msg":"model.frameMsg {}"}
{"time":"2024-07-21T17:36:15.160617+08:00","level":"DEBUG","msg":"main model update","msg":"model.frameMsg {}"}
{"time":"2024-07-21T17:36:15.178345+08:00","level":"DEBUG","msg":"main model update","msg":"model.frameMsg {}"}
{"time":"2024-07-21T17:36:15.196239+08:00","level":"DEBUG","msg":"main model update","msg":"model.frameMsg {}"}
{"time":"2024-07-21T17:36:15.214177+08:00","level":"DEBUG","msg":"main model update","msg":"model.frameMsg {}"}
{"time":"2024-07-21T17:36:15.232138+08:00","level":"DEBUG","msg":"main model update","msg":"model.frameMsg {}"}
{"time":"2024-07-21T17:36:15.249768+08:00","level":"DEBUG","msg":"main model update","msg":"model.frameMsg {}"}
{"time":"2024-07-21T17:36:15.261537+08:00","level":"DEBUG","msg":"main model update","msg":"model.tickMsg {}"}
{"time":"2024-07-21T17:36:15.267304+08:00","level":"DEBUG","msg":"main model update","msg":"model.frameMsg {}"}
{"time":"2024-07-21T17:36:15.285198+08:00","level":"DEBUG","msg":"main model update","msg":"model.frameMsg {}"}
{"time":"2024-07-21T17:36:15.303234+08:00","level":"DEBUG","msg":"main model update","msg":"model.frameMsg {}"}
{"time":"2024-07-21T17:36:15.321348+08:00","level":"DEBUG","msg":"main model update","msg":"model.frameMsg {}"}
{"time":"2024-07-21T17:36:15.338295+08:00","level":"DEBUG","msg":"main model update","msg":"model.frameMsg {}"}
{"time":"2024-07-21T17:36:15.355287+08:00","level":"DEBUG","msg":"main model update","msg":"model.frameMsg {}"}
{"time":"2024-07-21T17:36:15.37237+08:00","level":"DEBUG","msg":"main model update","msg":"model.frameMsg {}"}
{"time":"2024-07-21T17:36:15.389468+08:00","level":"DEBUG","msg":"main model update","msg":"model.frameMsg {}"}
{"time":"2024-07-21T17:36:15.406649+08:00","level":"DEBUG","msg":"main model update","msg":"model.frameMsg {}"}
{"time":"2024-07-21T17:36:15.42373+08:00","level":"DEBUG","msg":"main model update","msg":"model.frameMsg {}"}
{"time":"2024-07-21T17:36:15.44093+08:00","level":"DEBUG","msg":"main model update","msg":"model.frameMsg {}"}
{"time":"2024-07-21T17:36:15.458225+08:00","level":"DEBUG","msg":"main model update","msg":"model.frameMsg {}"}
{"time":"2024-07-21T17:36:15.475596+08:00","level":"DEBUG","msg":"main model update","msg":"model.frameMsg {}"}
{"time":"2024-07-21T17:36:15.49308+08:00","level":"DEBUG","msg":"main model update","msg":"model.frameMsg {}"}
{"time":"2024-07-21T17:36:15.510761+08:00","level":"DEBUG","msg":"main model update","msg":"model.frameMsg {}"}
{"time":"2024-07-21T17:36:15.528618+08:00","level":"DEBUG","msg":"main model update","msg":"model.frameMsg {}"}
{"time":"2024-07-21T17:36:15.546492+08:00","level":"DEBUG","msg":"main model update","msg":"model.frameMsg {}"}
{"time":"2024-07-21T17:36:15.564399+08:00","level":"DEBUG","msg":"main model update","msg":"model.frameMsg {}"}
{"time":"2024-07-21T17:36:15.582247+08:00","level":"DEBUG","msg":"main model update","msg":"model.frameMsg {}"}
{"time":"2024-07-21T17:36:15.599867+08:00","level":"DEBUG","msg":"main model update","msg":"model.frameMsg {}"}
{"time":"2024-07-21T17:36:15.617881+08:00","level":"DEBUG","msg":"main model update","msg":"model.frameMsg {}"}
{"time":"2024-07-21T17:36:15.635843+08:00","level":"DEBUG","msg":"main model update","msg":"model.frameMsg {}"}
{"time":"2024-07-21T17:36:15.653739+08:00","level":"DEBUG","msg":"main model update","msg":"model.frameMsg {}"}
{"time":"2024-07-21T17:36:15.671297+08:00","level":"DEBUG","msg":"main model update","msg":"model.frameMsg {}"}
{"time":"2024-07-21T17:36:15.688264+08:00","level":"DEBUG","msg":"main model update","msg":"model.frameMsg {}"}
{"time":"2024-07-21T17:36:15.705228+08:00","level":"DEBUG","msg":"main model update","msg":"model.frameMsg {}"}
{"time":"2024-07-21T17:36:15.722198+08:00","level":"DEBUG","msg":"main model update","msg":"model.frameMsg {}"}
{"time":"2024-07-21T17:36:15.739344+08:00","level":"DEBUG","msg":"main model update","msg":"model.frameMsg {}"}
{"time":"2024-07-21T17:36:15.756604+08:00","level":"DEBUG","msg":"main model update","msg":"model.frameMsg {}"}
{"time":"2024-07-21T17:36:15.77377+08:00","level":"DEBUG","msg":"main model update","msg":"model.frameMsg {}"}
{"time":"2024-07-21T17:36:15.791154+08:00","level":"DEBUG","msg":"main model update","msg":"model.frameMsg {}"}
{"time":"2024-07-21T17:36:15.80847+08:00","level":"DEBUG","msg":"main model update","msg":"model.frameMsg {}"}
{"time":"2024-07-21T17:36:15.825878+08:00","level":"DEBUG","msg":"main model update","msg":"model.frameMsg {}"}
{"time":"2024-07-21T17:36:15.843353+08:00","level":"DEBUG","msg":"main model update","msg":"model.frameMsg {}"}
{"time":"2024-07-21T17:36:15.860769+08:00","level":"DEBUG","msg":"main model update","msg":"model.frameMsg {}"}
{"time":"2024-07-21T17:36:15.878519+08:00","level":"DEBUG","msg":"main model update","msg":"model.frameMsg {}"}
{"time":"2024-07-21T17:36:15.895734+08:00","level":"DEBUG","msg":"main model update","msg":"model.frameMsg {}"}
{"time":"2024-07-21T17:36:15.91304+08:00","level":"DEBUG","msg":"main model update","msg":"model.frameMsg {}"}
{"time":"2024-07-21T17:36:15.931005+08:00","level":"DEBUG","msg":"main model update","msg":"model.frameMsg {}"}
{"time":"2024-07-21T17:36:15.948991+08:00","level":"DEBUG","msg":"main model update","msg":"model.frameMsg {}"}
{"time":"2024-07-21T17:36:15.966993+08:00","level":"DEBUG","msg":"main model update","msg":"model.frameMsg {}"}
{"time":"2024-07-21T17:36:15.984905+08:00","level":"DEBUG","msg":"main model update","msg":"model.frameMsg {}"}
{"time":"2024-07-21T17:36:16.002068+08:00","level":"DEBUG","msg":"main model update","msg":"model.frameMsg {}"}
{"time":"2024-07-21T17:36:16.01943+08:00","level":"DEBUG","msg":"main model update","msg":"model.frameMsg {}"}
{"time":"2024-07-21T17:36:16.037345+08:00","level":"DEBUG","msg":"main model update","msg":"model.frameMsg {}"}
{"time":"2024-07-21T17:36:16.055005+08:00","level":"DEBUG","msg":"main model update","msg":"model.frameMsg {}"}
{"time":"2024-07-21T17:36:16.071956+08:00","level":"DEBUG","msg":"main model update","msg":"model.frameMsg {}"}
{"time":"2024-07-21T17:36:16.089084+08:00","level":"DEBUG","msg":"main model update","msg":"model.frameMsg {}"}
{"time":"2024-07-21T17:36:16.106146+08:00","level":"DEBUG","msg":"main model update","msg":"model.frameMsg {}"}
{"time":"2024-07-21T17:36:16.123245+08:00","level":"DEBUG","msg":"main model update","msg":"model.frameMsg {}"}
{"time":"2024-07-21T17:36:16.140466+08:00","level":"DEBUG","msg":"main model update","msg":"model.frameMsg {}"}
{"time":"2024-07-21T17:36:16.157797+08:00","level":"DEBUG","msg":"main model update","msg":"model.frameMsg {}"}
{"time":"2024-07-21T17:36:16.175162+08:00","level":"DEBUG","msg":"main model update","msg":"model.frameMsg {}"}
{"time":"2024-07-21T17:36:16.192607+08:00","level":"DEBUG","msg":"main model update","msg":"model.frameMsg {}"}
{"time":"2024-07-21T17:36:16.210129+08:00","level":"DEBUG","msg":"main model update","msg":"model.frameMsg {}"}
{"time":"2024-07-21T17:36:16.227731+08:00","level":"DEBUG","msg":"main model update","msg":"model.frameMsg {}"}
{"time":"2024-07-21T17:36:16.245587+08:00","level":"DEBUG","msg":"main model update","msg":"model.frameMsg {}"}
{"time":"2024-07-21T17:36:16.262163+08:00","level":"DEBUG","msg":"main model update","msg":"model.tickMsg {}"}
{"time":"2024-07-21T17:36:16.263787+08:00","level":"DEBUG","msg":"main model update","msg":"model.frameMsg {}"}
{"time":"2024-07-21T17:36:16.281582+08:00","level":"DEBUG","msg":"main model update","msg":"model.frameMsg {}"}
{"time":"2024-07-21T17:36:16.299511+08:00","level":"DEBUG","msg":"main model update","msg":"model.frameMsg {}"}
{"time":"2024-07-21T17:36:16.317067+08:00","level":"DEBUG","msg":"main model update","msg":"model.frameMsg {}"}
{"time":"2024-07-21T17:36:16.335042+08:00","level":"DEBUG","msg":"main model update","msg":"model.frameMsg {}"}
{"time":"2024-07-21T17:36:16.352993+08:00","level":"DEBUG","msg":"main model update","msg":"model.frameMsg {}"}
{"time":"2024-07-21T17:36:16.371056+08:00","level":"DEBUG","msg":"main model update","msg":"model.frameMsg {}"}
{"time":"2024-07-21T17:36:16.387969+08:00","level":"DEBUG","msg":"main model update","msg":"model.frameMsg {}"}
{"time":"2024-07-21T17:36:16.404919+08:00","level":"DEBUG","msg":"main model update","msg":"model.frameMsg {}"}
{"time":"2024-07-21T17:36:16.421869+08:00","level":"DEBUG","msg":"main model update","msg":"model.frameMsg {}"}
{"time":"2024-07-21T17:36:16.438859+08:00","level":"DEBUG","msg":"main model update","msg":"model.frameMsg {}"}
{"time":"2024-07-21T17:36:16.456035+08:00","level":"DEBUG","msg":"main model update","msg":"model.frameMsg {}"}
{"time":"2024-07-21T17:36:16.473267+08:00","level":"DEBUG","msg":"main model update","msg":"model.frameMsg {}"}
{"time":"2024-07-21T17:36:16.490463+08:00","level":"DEBUG","msg":"main model update","msg":"model.frameMsg {}"}
{"time":"2024-07-21T17:36:16.507716+08:00","level":"DEBUG","msg":"main model update","msg":"model.frameMsg {}"}
{"time":"2024-07-21T17:36:16.524738+08:00","level":"DEBUG","msg":"main model update","msg":"model.frameMsg {}"}
{"time":"2024-07-21T17:36:16.54225+08:00","level":"DEBUG","msg":"main model update","msg":"model.frameMsg {}"}
{"time":"2024-07-21T17:36:16.559729+08:00","level":"DEBUG","msg":"main model update","msg":"model.frameMsg {}"}
{"time":"2024-07-21T17:36:16.577299+08:00","level":"DEBUG","msg":"main model update","msg":"model.frameMsg {}"}
{"time":"2024-07-21T17:36:16.59494+08:00","level":"DEBUG","msg":"main model update","msg":"model.frameMsg {}"}
{"time":"2024-07-21T17:36:16.612773+08:00","level":"DEBUG","msg":"main model update","msg":"model.frameMsg {}"}
{"time":"2024-07-21T17:36:16.630628+08:00","level":"DEBUG","msg":"main model update","msg":"model.frameMsg {}"}
{"time":"2024-07-21T17:36:16.648504+08:00","level":"DEBUG","msg":"main model update","msg":"model.frameMsg {}"}
{"time":"2024-07-21T17:36:16.665602+08:00","level":"DEBUG","msg":"main model update","msg":"model.frameMsg {}"}
{"time":"2024-07-21T17:36:16.683339+08:00","level":"DEBUG","msg":"main model update","msg":"model.frameMsg {}"}
{"time":"2024-07-21T17:36:16.700962+08:00","level":"DEBUG","msg":"main model update","msg":"model.frameMsg {}"}
{"time":"2024-07-21T17:36:16.718493+08:00","level":"DEBUG","msg":"main model update","msg":"model.frameMsg {}"}
{"time":"2024-07-21T17:36:16.736264+08:00","level":"DEBUG","msg":"main model update","msg":"model.frameMsg {}"}
{"time":"2024-07-21T17:36:16.754042+08:00","level":"DEBUG","msg":"main model update","msg":"model.frameMsg {}"}
{"time":"2024-07-21T17:36:16.771207+08:00","level":"DEBUG","msg":"main model update","msg":"model.frameMsg {}"}
{"time":"2024-07-21T17:36:16.78824+08:00","level":"DEBUG","msg":"main model update","msg":"model.frameMsg {}"}
{"time":"2024-07-21T17:36:16.805209+08:00","level":"DEBUG","msg":"main model update","msg":"model.frameMsg {}"}
{"time":"2024-07-21T17:36:16.822194+08:00","level":"DEBUG","msg":"main model update","msg":"model.frameMsg {}"}
{"time":"2024-07-21T17:36:16.839344+08:00","level":"DEBUG","msg":"main model update","msg":"model.frameMsg {}"}
{"time":"2024-07-21T17:36:16.856329+08:00","level":"DEBUG","msg":"main model update","msg":"model.frameMsg {}"}
{"time":"2024-07-21T17:36:16.873484+08:00","level":"DEBUG","msg":"main model update","msg":"model.frameMsg {}"}
{"time":"2024-07-21T17:36:16.89075+08:00","level":"DEBUG","msg":"main model update","msg":"model.frameMsg {}"}
{"time":"2024-07-21T17:36:16.908032+08:00","level":"DEBUG","msg":"main model update","msg":"model.frameMsg {}"}
{"time":"2024-07-21T17:36:16.925429+08:00","level":"DEBUG","msg":"main model update","msg":"model.frameMsg {}"}
{"time":"2024-07-21T17:36:16.943053+08:00","level":"DEBUG","msg":"main model update","msg":"model.frameMsg {}"}
{"time":"2024-07-21T17:36:16.960642+08:00","level":"DEBUG","msg":"main model update","msg":"model.frameMsg {}"}
{"time":"2024-07-21T17:36:16.978329+08:00","level":"DEBUG","msg":"main model update","msg":"model.frameMsg {}"}
{"time":"2024-07-21T17:36:16.996172+08:00","level":"DEBUG","msg":"main model update","msg":"model.frameMsg {}"}
{"time":"2024-07-21T17:36:17.014117+08:00","level":"DEBUG","msg":"main model update","msg":"model.frameMsg {}"}
{"time":"2024-07-21T17:36:17.032075+08:00","level":"DEBUG","msg":"main model update","msg":"model.frameMsg {}"}
{"time":"2024-07-21T17:36:17.050068+08:00","level":"DEBUG","msg":"main model update","msg":"model.frameMsg {}"}
{"time":"2024-07-21T17:36:17.068064+08:00","level":"DEBUG","msg":"main model update","msg":"model.frameMsg {}"}
{"time":"2024-07-21T17:36:17.086026+08:00","level":"DEBUG","msg":"main model update","msg":"model.frameMsg {}"}
{"time":"2024-07-21T17:36:17.104067+08:00","level":"DEBUG","msg":"main model update","msg":"model.frameMsg {}"}
{"time":"2024-07-21T17:36:17.120952+08:00","level":"DEBUG","msg":"main model update","msg":"model.frameMsg {}"}
{"time":"2024-07-21T17:36:17.137869+08:00","level":"DEBUG","msg":"main model update","msg":"model.frameMsg {}"}
{"time":"2024-07-21T17:36:17.154803+08:00","level":"DEBUG","msg":"main model update","msg":"model.frameMsg {}"}
{"time":"2024-07-21T17:36:17.171759+08:00","level":"DEBUG","msg":"main model update","msg":"model.frameMsg {}"}
{"time":"2024-07-21T17:36:17.188728+08:00","level":"DEBUG","msg":"main model update","msg":"model.frameMsg {}"}
{"time":"2024-07-21T17:36:17.205778+08:00","level":"DEBUG","msg":"main model update","msg":"model.frameMsg {}"}
{"time":"2024-07-21T17:36:17.22285+08:00","level":"DEBUG","msg":"main model update","msg":"model.frameMsg {}"}
{"time":"2024-07-21T17:36:17.239987+08:00","level":"DEBUG","msg":"main model update","msg":"model.frameMsg {}"}
{"time":"2024-07-21T17:36:17.257196+08:00","level":"DEBUG","msg":"main model update","msg":"model.frameMsg {}"}
{"time":"2024-07-21T17:36:17.262979+08:00","level":"DEBUG","msg":"main model update","msg":"model.tickMsg {}"}
{"time":"2024-07-21T17:36:17.274493+08:00","level":"DEBUG","msg":"main model update","msg":"model.frameMsg {}"}
{"time":"2024-07-21T17:36:17.291827+08:00","level":"DEBUG","msg":"main model update","msg":"model.frameMsg {}"}
{"time":"2024-07-21T17:36:17.309237+08:00","level":"DEBUG","msg":"main model update","msg":"model.frameMsg {}"}
{"time":"2024-07-21T17:36:17.326844+08:00","level":"DEBUG","msg":"main model update","msg":"model.frameMsg {}"}
{"time":"2024-07-21T17:36:17.344576+08:00","level":"DEBUG","msg":"main model update","msg":"model.frameMsg {}"}
{"time":"2024-07-21T17:36:17.36242+08:00","level":"DEBUG","msg":"main model update","msg":"model.frameMsg {}"}
{"time":"2024-07-21T17:36:17.380273+08:00","level":"DEBUG","msg":"main model update","msg":"model.frameMsg {}"}
{"time":"2024-07-21T17:36:17.398199+08:00","level":"DEBUG","msg":"main model update","msg":"model.frameMsg {}"}
{"time":"2024-07-21T17:36:17.415615+08:00","level":"DEBUG","msg":"main model update","msg":"model.frameMsg {}"}
{"time":"2024-07-21T17:36:17.433099+08:00","level":"DEBUG","msg":"main model update","msg":"model.frameMsg {}"}
{"time":"2024-07-21T17:36:17.451332+08:00","level":"DEBUG","msg":"main model update","msg":"model.frameMsg {}"}
{"time":"2024-07-21T17:36:17.469237+08:00","level":"DEBUG","msg":"main model update","msg":"model.frameMsg {}"}
{"time":"2024-07-21T17:36:17.48719+08:00","level":"DEBUG","msg":"main model update","msg":"model.frameMsg {}"}
{"time":"2024-07-21T17:36:17.504467+08:00","level":"DEBUG","msg":"main model update","msg":"model.frameMsg {}"}
{"time":"2024-07-21T17:36:17.521313+08:00","level":"DEBUG","msg":"main model update","msg":"model.frameMsg {}"}
{"time":"2024-07-21T17:36:17.538199+08:00","level":"DEBUG","msg":"main model update","msg":"model.frameMsg {}"}
{"time":"2024-07-21T17:36:17.555076+08:00","level":"DEBUG","msg":"main model update","msg":"model.frameMsg {}"}
{"time":"2024-07-21T17:36:17.572078+08:00","level":"DEBUG","msg":"main model update","msg":"model.frameMsg {}"}
{"time":"2024-07-21T17:36:17.589156+08:00","level":"DEBUG","msg":"main model update","msg":"model.frameMsg {}"}
{"time":"2024-07-21T17:36:17.606207+08:00","level":"DEBUG","msg":"main model update","msg":"model.frameMsg {}"}
{"time":"2024-07-21T17:36:17.623297+08:00","level":"DEBUG","msg":"main model update","msg":"model.frameMsg {}"}
{"time":"2024-07-21T17:36:17.640564+08:00","level":"DEBUG","msg":"main model update","msg":"model.frameMsg {}"}
{"time":"2024-07-21T17:36:17.657871+08:00","level":"DEBUG","msg":"main model update","msg":"model.frameMsg {}"}
{"time":"2024-07-21T17:36:17.675261+08:00","level":"DEBUG","msg":"main model update","msg":"model.frameMsg {}"}
{"time":"2024-07-21T17:36:17.692632+08:00","level":"DEBUG","msg":"main model update","msg":"model.frameMsg {}"}
{"time":"2024-07-21T17:36:17.710154+08:00","level":"DEBUG","msg":"main model update","msg":"model.frameMsg {}"}
{"time":"2024-07-21T17:36:17.727701+08:00","level":"DEBUG","msg":"main model update","msg":"model.frameMsg {}"}
{"time":"2024-07-21T17:36:17.745397+08:00","level":"DEBUG","msg":"main model update","msg":"model.frameMsg {}"}
{"time":"2024-07-21T17:36:17.762306+08:00","level":"DEBUG","msg":"main model update","msg":"model.frameMsg {}"}
{"time":"2024-07-21T17:36:17.780178+08:00","level":"DEBUG","msg":"main model update","msg":"model.frameMsg {}"}
{"time":"2024-07-21T17:36:17.798031+08:00","level":"DEBUG","msg":"main model update","msg":"model.frameMsg {}"}
{"time":"2024-07-21T17:36:17.815952+08:00","level":"DEBUG","msg":"main model update","msg":"model.frameMsg {}"}
{"time":"2024-07-21T17:36:17.833831+08:00","level":"DEBUG","msg":"main model update","msg":"model.frameMsg {}"}
{"time":"2024-07-21T17:36:17.851689+08:00","level":"DEBUG","msg":"main model update","msg":"model.frameMsg {}"}
{"time":"2024-07-21T17:36:17.868729+08:00","level":"DEBUG","msg":"main model update","msg":"model.frameMsg {}"}
{"time":"2024-07-21T17:36:17.886632+08:00","level":"DEBUG","msg":"main model update","msg":"model.frameMsg {}"}
{"time":"2024-07-21T17:36:17.904011+08:00","level":"DEBUG","msg":"main model update","msg":"model.frameMsg {}"}
{"time":"2024-07-21T17:36:17.921172+08:00","level":"DEBUG","msg":"main model update","msg":"model.frameMsg {}"}
{"time":"2024-07-21T17:36:17.938138+08:00","level":"DEBUG","msg":"main model update","msg":"model.frameMsg {}"}
{"time":"2024-07-21T17:36:17.955121+08:00","level":"DEBUG","msg":"main model update","msg":"model.frameMsg {}"}
{"time":"2024-07-21T17:36:17.972088+08:00","level":"DEBUG","msg":"main model update","msg":"model.frameMsg {}"}
{"time":"2024-07-21T17:36:17.989164+08:00","level":"DEBUG","msg":"main model update","msg":"model.frameMsg {}"}
{"time":"2024-07-21T17:36:18.006176+08:00","level":"DEBUG","msg":"main model update","msg":"model.frameMsg {}"}
{"time":"2024-07-21T17:36:18.023277+08:00","level":"DEBUG","msg":"main model update","msg":"model.frameMsg {}"}
{"time":"2024-07-21T17:36:18.040434+08:00","level":"DEBUG","msg":"main model update","msg":"model.frameMsg {}"}
{"time":"2024-07-21T17:36:18.057633+08:00","level":"DEBUG","msg":"main model update","msg":"model.frameMsg {}"}
{"time":"2024-07-21T17:36:18.074991+08:00","level":"DEBUG","msg":"main model update","msg":"model.frameMsg {}"}
{"time":"2024-07-21T17:36:18.092393+08:00","level":"DEBUG","msg":"main model update","msg":"model.frameMsg {}"}
{"time":"2024-07-21T17:36:18.109834+08:00","level":"DEBUG","msg":"main model update","msg":"model.frameMsg {}"}
{"time":"2024-07-21T17:36:18.127418+08:00","level":"DEBUG","msg":"main model update","msg":"model.frameMsg {}"}
{"time":"2024-07-21T17:36:18.145027+08:00","level":"DEBUG","msg":"main model update","msg":"model.frameMsg {}"}
{"time":"2024-07-21T17:36:18.162865+08:00","level":"DEBUG","msg":"main model update","msg":"model.frameMsg {}"}
{"time":"2024-07-21T17:36:18.180768+08:00","level":"DEBUG","msg":"main model update","msg":"model.frameMsg {}"}
{"time":"2024-07-21T17:36:18.198636+08:00","level":"DEBUG","msg":"main model update","msg":"model.frameMsg {}"}
{"time":"2024-07-21T17:36:18.216282+08:00","level":"DEBUG","msg":"main model update","msg":"model.frameMsg {}"}
{"time":"2024-07-21T17:36:18.233512+08:00","level":"DEBUG","msg":"main model update","msg":"model.frameMsg {}"}
{"time":"2024-07-21T17:36:18.251401+08:00","level":"DEBUG","msg":"main model update","msg":"model.frameMsg {}"}
{"time":"2024-07-21T17:36:18.263498+08:00","level":"DEBUG","msg":"main model update","msg":"model.tickMsg {}"}
{"time":"2024-07-21T17:36:18.268927+08:00","level":"DEBUG","msg":"main model update","msg":"model.frameMsg {}"}
{"time":"2024-07-21T17:36:18.286856+08:00","level":"DEBUG","msg":"main model update","msg":"model.frameMsg {}"}
{"time":"2024-07-21T17:36:18.303882+08:00","level":"DEBUG","msg":"main model update","msg":"model.frameMsg {}"}
{"time":"2024-07-21T17:36:18.321128+08:00","level":"DEBUG","msg":"main model update","msg":"model.frameMsg {}"}
{"time":"2024-07-21T17:36:18.338079+08:00","level":"DEBUG","msg":"main model update","msg":"model.frameMsg {}"}
{"time":"2024-07-21T17:36:18.35504+08:00","level":"DEBUG","msg":"main model update","msg":"model.frameMsg {}"}
{"time":"2024-07-21T17:36:18.371984+08:00","level":"DEBUG","msg":"main model update","msg":"model.frameMsg {}"}
{"time":"2024-07-21T17:36:18.38899+08:00","level":"DEBUG","msg":"main model update","msg":"model.frameMsg {}"}
{"time":"2024-07-21T17:36:18.40602+08:00","level":"DEBUG","msg":"main model update","msg":"model.frameMsg {}"}
{"time":"2024-07-21T17:36:18.423076+08:00","level":"DEBUG","msg":"main model update","msg":"model.frameMsg {}"}
{"time":"2024-07-21T17:36:18.440251+08:00","level":"DEBUG","msg":"main model update","msg":"model.frameMsg {}"}
{"time":"2024-07-21T17:36:18.457494+08:00","level":"DEBUG","msg":"main model update","msg":"model.frameMsg {}"}
{"time":"2024-07-21T17:36:18.474511+08:00","level":"DEBUG","msg":"main model update","msg":"model.frameMsg {}"}
{"time":"2024-07-21T17:36:18.491902+08:00","level":"DEBUG","msg":"main model update","msg":"model.frameMsg {}"}
{"time":"2024-07-21T17:36:18.509381+08:00","level":"DEBUG","msg":"main model update","msg":"model.frameMsg {}"}
{"time":"2024-07-21T17:36:18.526891+08:00","level":"DEBUG","msg":"main model update","msg":"model.frameMsg {}"}
{"time":"2024-07-21T17:36:18.54463+08:00","level":"DEBUG","msg":"main model update","msg":"model.frameMsg {}"}
{"time":"2024-07-21T17:36:18.562386+08:00","level":"DEBUG","msg":"main model update","msg":"model.frameMsg {}"}
{"time":"2024-07-21T17:36:18.58036+08:00","level":"DEBUG","msg":"main model update","msg":"model.frameMsg {}"}
{"time":"2024-07-21T17:36:18.598262+08:00","level":"DEBUG","msg":"main model update","msg":"model.frameMsg {}"}
{"time":"2024-07-21T17:36:18.616156+08:00","level":"DEBUG","msg":"main model update","msg":"model.frameMsg {}"}
{"time":"2024-07-21T17:36:18.633661+08:00","level":"DEBUG","msg":"main model update","msg":"model.frameMsg {}"}
{"time":"2024-07-21T17:36:18.651514+08:00","level":"DEBUG","msg":"main model update","msg":"model.frameMsg {}"}
{"time":"2024-07-21T17:36:18.668684+08:00","level":"DEBUG","msg":"main model update","msg":"model.frameMsg {}"}
{"time":"2024-07-21T17:36:18.686268+08:00","level":"DEBUG","msg":"main model update","msg":"model.frameMsg {}"}
{"time":"2024-07-21T17:36:18.703562+08:00","level":"DEBUG","msg":"main model update","msg":"model.frameMsg {}"}
{"time":"2024-07-21T17:36:18.721197+08:00","level":"DEBUG","msg":"main model update","msg":"model.frameMsg {}"}
{"time":"2024-07-21T17:36:18.738206+08:00","level":"DEBUG","msg":"main model update","msg":"model.frameMsg {}"}
{"time":"2024-07-21T17:36:18.755141+08:00","level":"DEBUG","msg":"main model update","msg":"model.frameMsg {}"}
{"time":"2024-07-21T17:36:18.772253+08:00","level":"DEBUG","msg":"main model update","msg":"model.frameMsg {}"}
{"time":"2024-07-21T17:36:18.789286+08:00","level":"DEBUG","msg":"main model update","msg":"model.frameMsg {}"}
{"time":"2024-07-21T17:36:18.806383+08:00","level":"DEBUG","msg":"main model update","msg":"model.frameMsg {}"}
{"time":"2024-07-21T17:36:18.823504+08:00","level":"DEBUG","msg":"main model update","msg":"model.frameMsg {}"}
{"time":"2024-07-21T17:36:18.842434+08:00","level":"DEBUG","msg":"main model update","msg":"model.frameMsg {}"}
{"time":"2024-07-21T17:36:18.860169+08:00","level":"DEBUG","msg":"main model update","msg":"model.frameMsg {}"}
{"time":"2024-07-21T17:36:18.87785+08:00","level":"DEBUG","msg":"main model update","msg":"model.frameMsg {}"}
{"time":"2024-07-21T17:36:18.895565+08:00","level":"DEBUG","msg":"main model update","msg":"model.frameMsg {}"}
{"time":"2024-07-21T17:36:18.913418+08:00","level":"DEBUG","msg":"main model update","msg":"model.frameMsg {}"}
{"time":"2024-07-21T17:36:18.931336+08:00","level":"DEBUG","msg":"main model update","msg":"model.frameMsg {}"}
{"time":"2024-07-21T17:36:18.94928+08:00","level":"DEBUG","msg":"main model update","msg":"model.frameMsg {}"}
{"time":"2024-07-21T17:36:18.967344+08:00","level":"DEBUG","msg":"main model update","msg":"model.frameMsg {}"}
{"time":"2024-07-21T17:36:18.984263+08:00","level":"DEBUG","msg":"main model update","msg":"model.frameMsg {}"}
{"time":"2024-07-21T17:36:19.001999+08:00","level":"DEBUG","msg":"main model update","msg":"model.frameMsg {}"}
{"time":"2024-07-21T17:36:19.019966+08:00","level":"DEBUG","msg":"main model update","msg":"model.frameMsg {}"}
{"time":"2024-07-21T17:36:19.037541+08:00","level":"DEBUG","msg":"main model update","msg":"model.frameMsg {}"}
{"time":"2024-07-21T17:36:19.054407+08:00","level":"DEBUG","msg":"main model update","msg":"model.frameMsg {}"}
{"time":"2024-07-21T17:36:19.071473+08:00","level":"DEBUG","msg":"main model update","msg":"model.frameMsg {}"}
{"time":"2024-07-21T17:36:19.08842+08:00","level":"DEBUG","msg":"main model update","msg":"model.frameMsg {}"}
{"time":"2024-07-21T17:36:19.105406+08:00","level":"DEBUG","msg":"main model update","msg":"model.frameMsg {}"}
{"time":"2024-07-21T17:36:19.122522+08:00","level":"DEBUG","msg":"main model update","msg":"model.frameMsg {}"}
{"time":"2024-07-21T17:36:19.139563+08:00","level":"DEBUG","msg":"main model update","msg":"model.frameMsg {}"}
{"time":"2024-07-21T17:36:19.156822+08:00","level":"DEBUG","msg":"main model update","msg":"model.frameMsg {}"}
{"time":"2024-07-21T17:36:19.174058+08:00","level":"DEBUG","msg":"main model update","msg":"model.frameMsg {}"}
{"time":"2024-07-21T17:36:19.191308+08:00","level":"DEBUG","msg":"main model update","msg":"model.frameMsg {}"}
{"time":"2024-07-21T17:36:19.208278+08:00","level":"DEBUG","msg":"main model update","msg":"model.frameMsg {}"}
{"time":"2024-07-21T17:36:19.22565+08:00","level":"DEBUG","msg":"main model update","msg":"model.frameMsg {}"}
{"time":"2024-07-21T17:36:19.243112+08:00","level":"DEBUG","msg":"main model update","msg":"model.frameMsg {}"}
{"time":"2024-07-21T17:36:19.260935+08:00","level":"DEBUG","msg":"main model update","msg":"model.frameMsg {}"}
{"time":"2024-07-21T17:36:19.263936+08:00","level":"DEBUG","msg":"main model update","msg":"model.tickMsg {}"}
{"time":"2024-07-21T17:36:19.278727+08:00","level":"DEBUG","msg":"main model update","msg":"model.frameMsg {}"}
{"time":"2024-07-21T17:36:19.296563+08:00","level":"DEBUG","msg":"main model update","msg":"model.frameMsg {}"}
{"time":"2024-07-21T17:36:19.314451+08:00","level":"DEBUG","msg":"main model update","msg":"model.frameMsg {}"}
{"time":"2024-07-21T17:36:19.33199+08:00","level":"DEBUG","msg":"main model update","msg":"model.frameMsg {}"}
{"time":"2024-07-21T17:36:19.349217+08:00","level":"DEBUG","msg":"main model update","msg":"model.frameMsg {}"}
{"time":"2024-07-21T17:36:19.36626+08:00","level":"DEBUG","msg":"main model update","msg":"model.frameMsg {}"}
{"time":"2024-07-21T17:36:19.384106+08:00","level":"DEBUG","msg":"main model update","msg":"model.frameMsg {}"}
{"time":"2024-07-21T17:36:19.40201+08:00","level":"DEBUG","msg":"main model update","msg":"model.frameMsg {}"}
{"time":"2024-07-21T17:36:19.419522+08:00","level":"DEBUG","msg":"main model update","msg":"model.frameMsg {}"}
{"time":"2024-07-21T17:36:19.43742+08:00","level":"DEBUG","msg":"main model update","msg":"model.frameMsg {}"}
{"time":"2024-07-21T17:36:19.454393+08:00","level":"DEBUG","msg":"main model update","msg":"model.frameMsg {}"}
{"time":"2024-07-21T17:36:19.471273+08:00","level":"DEBUG","msg":"main model update","msg":"model.frameMsg {}"}
{"time":"2024-07-21T17:36:19.488412+08:00","level":"DEBUG","msg":"main model update","msg":"model.frameMsg {}"}
{"time":"2024-07-21T17:36:19.505365+08:00","level":"DEBUG","msg":"main model update","msg":"model.frameMsg {}"}
{"time":"2024-07-21T17:36:19.522427+08:00","level":"DEBUG","msg":"main model update","msg":"model.frameMsg {}"}
{"time":"2024-07-21T17:36:19.539458+08:00","level":"DEBUG","msg":"main model update","msg":"model.frameMsg {}"}
{"time":"2024-07-21T17:36:19.556557+08:00","level":"DEBUG","msg":"main model update","msg":"model.frameMsg {}"}
{"time":"2024-07-21T17:36:19.57379+08:00","level":"DEBUG","msg":"main model update","msg":"model.frameMsg {}"}
{"time":"2024-07-21T17:36:19.591056+08:00","level":"DEBUG","msg":"main model update","msg":"model.frameMsg {}"}
{"time":"2024-07-21T17:36:19.608488+08:00","level":"DEBUG","msg":"main model update","msg":"model.frameMsg {}"}
{"time":"2024-07-21T17:36:19.625983+08:00","level":"DEBUG","msg":"main model update","msg":"model.frameMsg {}"}
{"time":"2024-07-21T17:36:19.643447+08:00","level":"DEBUG","msg":"main model update","msg":"model.frameMsg {}"}
{"time":"2024-07-21T17:36:19.661053+08:00","level":"DEBUG","msg":"main model update","msg":"model.frameMsg {}"}
{"time":"2024-07-21T17:36:19.678239+08:00","level":"DEBUG","msg":"main model update","msg":"model.frameMsg {}"}
{"time":"2024-07-21T17:36:19.695342+08:00","level":"DEBUG","msg":"main model update","msg":"model.frameMsg {}"}
{"time":"2024-07-21T17:36:19.713233+08:00","level":"DEBUG","msg":"main model update","msg":"model.frameMsg {}"}
{"time":"2024-07-21T17:36:19.730843+08:00","level":"DEBUG","msg":"main model update","msg":"model.frameMsg {}"}
{"time":"2024-07-21T17:36:19.748779+08:00","level":"DEBUG","msg":"main model update","msg":"model.frameMsg {}"}
{"time":"2024-07-21T17:36:19.766712+08:00","level":"DEBUG","msg":"main model update","msg":"model.frameMsg {}"}
{"time":"2024-07-21T17:36:19.784806+08:00","level":"DEBUG","msg":"main model update","msg":"model.frameMsg {}"}
{"time":"2024-07-21T17:36:19.802353+08:00","level":"DEBUG","msg":"main model update","msg":"model.frameMsg {}"}
{"time":"2024-07-21T17:36:19.820271+08:00","level":"DEBUG","msg":"main model update","msg":"model.frameMsg {}"}
{"time":"2024-07-21T17:36:19.837696+08:00","level":"DEBUG","msg":"main model update","msg":"model.frameMsg {}"}
{"time":"2024-07-21T17:36:19.854622+08:00","level":"DEBUG","msg":"main model update","msg":"model.frameMsg {}"}
{"time":"2024-07-21T17:36:19.871589+08:00","level":"DEBUG","msg":"main model update","msg":"model.frameMsg {}"}
{"time":"2024-07-21T17:36:19.888551+08:00","level":"DEBUG","msg":"main model update","msg":"model.frameMsg {}"}
{"time":"2024-07-21T17:36:19.905505+08:00","level":"DEBUG","msg":"main model update","msg":"model.frameMsg {}"}
{"time":"2024-07-21T17:36:19.922594+08:00","level":"DEBUG","msg":"main model update","msg":"model.frameMsg {}"}
{"time":"2024-07-21T17:36:19.93962+08:00","level":"DEBUG","msg":"main model update","msg":"model.frameMsg {}"}
{"time":"2024-07-21T17:36:19.95675+08:00","level":"DEBUG","msg":"main model update","msg":"model.frameMsg {}"}
{"time":"2024-07-21T17:36:19.97394+08:00","level":"DEBUG","msg":"main model update","msg":"model.frameMsg {}"}
{"time":"2024-07-21T17:36:19.991018+08:00","level":"DEBUG","msg":"main model update","msg":"model.frameMsg {}"}
{"time":"2024-07-21T17:36:20.008283+08:00","level":"DEBUG","msg":"main model update","msg":"model.frameMsg {}"}
{"time":"2024-07-21T17:36:20.025686+08:00","level":"DEBUG","msg":"main model update","msg":"model.frameMsg {}"}
{"time":"2024-07-21T17:36:20.043133+08:00","level":"DEBUG","msg":"main model update","msg":"model.frameMsg {}"}
{"time":"2024-07-21T17:36:20.060671+08:00","level":"DEBUG","msg":"main model update","msg":"model.frameMsg {}"}
{"time":"2024-07-21T17:36:20.078435+08:00","level":"DEBUG","msg":"main model update","msg":"model.frameMsg {}"}
{"time":"2024-07-21T17:36:20.096287+08:00","level":"DEBUG","msg":"main model update","msg":"model.frameMsg {}"}
{"time":"2024-07-21T17:36:20.113732+08:00","level":"DEBUG","msg":"main model update","msg":"model.frameMsg {}"}
{"time":"2024-07-21T17:36:20.131631+08:00","level":"DEBUG","msg":"main model update","msg":"model.frameMsg {}"}
{"time":"2024-07-21T17:36:20.149578+08:00","level":"DEBUG","msg":"main model update","msg":"model.frameMsg {}"}
{"time":"2024-07-21T17:36:20.167549+08:00","level":"DEBUG","msg":"main model update","msg":"model.frameMsg {}"}
{"time":"2024-07-21T17:36:20.185422+08:00","level":"DEBUG","msg":"main model update","msg":"model.frameMsg {}"}
{"time":"2024-07-21T17:36:20.203305+08:00","level":"DEBUG","msg":"main model update","msg":"model.frameMsg {}"}
{"time":"2024-07-21T17:36:20.220999+08:00","level":"DEBUG","msg":"main model update","msg":"model.frameMsg {}"}
{"time":"2024-07-21T17:36:20.237907+08:00","level":"DEBUG","msg":"main model update","msg":"model.frameMsg {}"}
{"time":"2024-07-21T17:36:20.25478+08:00","level":"DEBUG","msg":"main model update","msg":"model.frameMsg {}"}
{"time":"2024-07-21T17:36:20.264906+08:00","level":"DEBUG","msg":"main model update","msg":"model.tickMsg {}"}
{"time":"2024-07-21T17:36:20.271733+08:00","level":"DEBUG","msg":"main model update","msg":"model.frameMsg {}"}
{"time":"2024-07-21T17:36:20.288669+08:00","level":"DEBUG","msg":"main model update","msg":"model.frameMsg {}"}
{"time":"2024-07-21T17:36:20.305683+08:00","level":"DEBUG","msg":"main model update","msg":"model.frameMsg {}"}
{"time":"2024-07-21T17:36:20.322714+08:00","level":"DEBUG","msg":"main model update","msg":"model.frameMsg {}"}
{"time":"2024-07-21T17:36:20.339814+08:00","level":"DEBUG","msg":"main model update","msg":"model.frameMsg {}"}
{"time":"2024-07-21T17:36:20.356944+08:00","level":"DEBUG","msg":"main model update","msg":"model.frameMsg {}"}
{"time":"2024-07-21T17:36:20.374168+08:00","level":"DEBUG","msg":"main model update","msg":"model.frameMsg {}"}
{"time":"2024-07-21T17:36:20.391438+08:00","level":"DEBUG","msg":"main model update","msg":"model.frameMsg {}"}
{"time":"2024-07-21T17:36:20.408865+08:00","level":"DEBUG","msg":"main model update","msg":"model.frameMsg {}"}
{"time":"2024-07-21T17:36:20.426288+08:00","level":"DEBUG","msg":"main model update","msg":"model.frameMsg {}"}
{"time":"2024-07-21T17:36:20.443787+08:00","level":"DEBUG","msg":"main model update","msg":"model.frameMsg {}"}
{"time":"2024-07-21T17:36:20.46143+08:00","level":"DEBUG","msg":"main model update","msg":"model.frameMsg {}"}
{"time":"2024-07-21T17:36:20.479282+08:00","level":"DEBUG","msg":"main model update","msg":"model.frameMsg {}"}
{"time":"2024-07-21T17:36:20.497195+08:00","level":"DEBUG","msg":"main model update","msg":"model.frameMsg {}"}
{"time":"2024-07-21T17:36:20.514811+08:00","level":"DEBUG","msg":"main model update","msg":"model.frameMsg {}"}
{"time":"2024-07-21T17:36:20.532456+08:00","level":"DEBUG","msg":"main model update","msg":"model.frameMsg {}"}
{"time":"2024-07-21T17:36:20.549713+08:00","level":"DEBUG","msg":"main model update","msg":"model.frameMsg {}"}
{"time":"2024-07-21T17:36:20.56757+08:00","level":"DEBUG","msg":"main model update","msg":"model.frameMsg {}"}
{"time":"2024-07-21T17:36:20.585497+08:00","level":"DEBUG","msg":"main model update","msg":"model.frameMsg {}"}
{"time":"2024-07-21T17:36:20.602944+08:00","level":"DEBUG","msg":"main model update","msg":"model.frameMsg {}"}
{"time":"2024-07-21T17:36:20.62115+08:00","level":"DEBUG","msg":"main model update","msg":"model.frameMsg {}"}
{"time":"2024-07-21T17:36:20.63799+08:00","level":"DEBUG","msg":"main model update","msg":"model.frameMsg {}"}
{"time":"2024-07-21T17:36:20.654806+08:00","level":"DEBUG","msg":"main model update","msg":"model.frameMsg {}"}
{"time":"2024-07-21T17:36:20.671685+08:00","level":"DEBUG","msg":"main model update","msg":"model.frameMsg {}"}
{"time":"2024-07-21T17:36:20.688741+08:00","level":"DEBUG","msg":"main model update","msg":"model.frameMsg {}"}
{"time":"2024-07-21T17:36:20.705717+08:00","level":"DEBUG","msg":"main model update","msg":"model.frameMsg {}"}
{"time":"2024-07-21T17:36:20.722812+08:00","level":"DEBUG","msg":"main model update","msg":"model.frameMsg {}"}
{"time":"2024-07-21T17:36:20.739981+08:00","level":"DEBUG","msg":"main model update","msg":"model.frameMsg {}"}
{"time":"2024-07-21T17:36:20.756901+08:00","level":"DEBUG","msg":"main model update","msg":"model.frameMsg {}"}
{"time":"2024-07-21T17:36:20.774235+08:00","level":"DEBUG","msg":"main model update","msg":"model.frameMsg {}"}
{"time":"2024-07-21T17:36:20.791648+08:00","level":"DEBUG","msg":"main model update","msg":"model.frameMsg {}"}
{"time":"2024-07-21T17:36:20.809123+08:00","level":"DEBUG","msg":"main model update","msg":"model.frameMsg {}"}
{"time":"2024-07-21T17:36:20.826665+08:00","level":"DEBUG","msg":"main model update","msg":"model.frameMsg {}"}
{"time":"2024-07-21T17:36:20.844269+08:00","level":"DEBUG","msg":"main model update","msg":"model.frameMsg {}"}
{"time":"2024-07-21T17:36:20.861941+08:00","level":"DEBUG","msg":"main model update","msg":"model.frameMsg {}"}
{"time":"2024-07-21T17:36:20.879818+08:00","level":"DEBUG","msg":"main model update","msg":"model.frameMsg {}"}
{"time":"2024-07-21T17:36:20.897308+08:00","level":"DEBUG","msg":"main model update","msg":"model.frameMsg {}"}
{"time":"2024-07-21T17:36:20.915271+08:00","level":"DEBUG","msg":"main model update","msg":"model.frameMsg {}"}
{"time":"2024-07-21T17:36:20.933212+08:00","level":"DEBUG","msg":"main model update","msg":"model.frameMsg {}"}
{"time":"2024-07-21T17:36:20.95113+08:00","level":"DEBUG","msg":"main model update","msg":"model.frameMsg {}"}
{"time":"2024-07-21T17:36:20.969218+08:00","level":"DEBUG","msg":"main model update","msg":"model.frameMsg {}"}
{"time":"2024-07-21T17:36:20.987184+08:00","level":"DEBUG","msg":"main model update","msg":"model.frameMsg {}"}
{"time":"2024-07-21T17:36:21.004287+08:00","level":"DEBUG","msg":"main model update","msg":"model.frameMsg {}"}
{"time":"2024-07-21T17:36:21.021111+08:00","level":"DEBUG","msg":"main model update","msg":"model.frameMsg {}"}
{"time":"2024-07-21T17:36:21.037976+08:00","level":"DEBUG","msg":"main model update","msg":"model.frameMsg {}"}
{"time":"2024-07-21T17:36:21.054844+08:00","level":"DEBUG","msg":"main model update","msg":"model.frameMsg {}"}
{"time":"2024-07-21T17:36:21.071733+08:00","level":"DEBUG","msg":"main model update","msg":"model.frameMsg {}"}
{"time":"2024-07-21T17:36:21.088666+08:00","level":"DEBUG","msg":"main model update","msg":"model.frameMsg {}"}
{"time":"2024-07-21T17:36:21.105619+08:00","level":"DEBUG","msg":"main model update","msg":"model.frameMsg {}"}
{"time":"2024-07-21T17:36:21.122677+08:00","level":"DEBUG","msg":"main model update","msg":"model.frameMsg {}"}
{"time":"2024-07-21T17:36:21.139725+08:00","level":"DEBUG","msg":"main model update","msg":"model.frameMsg {}"}
{"time":"2024-07-21T17:36:21.156919+08:00","level":"DEBUG","msg":"main model update","msg":"model.frameMsg {}"}
{"time":"2024-07-21T17:36:21.174254+08:00","level":"DEBUG","msg":"main model update","msg":"model.frameMsg {}"}
{"time":"2024-07-21T17:36:21.191655+08:00","level":"DEBUG","msg":"main model update","msg":"model.frameMsg {}"}
{"time":"2024-07-21T17:36:21.20911+08:00","level":"DEBUG","msg":"main model update","msg":"model.frameMsg {}"}
{"time":"2024-07-21T17:36:21.226312+08:00","level":"DEBUG","msg":"main model update","msg":"model.frameMsg {}"}
{"time":"2024-07-21T17:36:21.243965+08:00","level":"DEBUG","msg":"main model update","msg":"model.frameMsg {}"}
{"time":"2024-07-21T17:36:21.261739+08:00","level":"DEBUG","msg":"main model update","msg":"model.frameMsg {}"}
{"time":"2024-07-21T17:36:21.265527+08:00","level":"DEBUG","msg":"main model update","msg":"model.tickMsg {}"}
{"time":"2024-07-21T17:36:21.279657+08:00","level":"DEBUG","msg":"main model update","msg":"model.frameMsg {}"}
{"time":"2024-07-21T17:36:21.296628+08:00","level":"DEBUG","msg":"main model update","msg":"model.frameMsg {}"}
{"time":"2024-07-21T17:36:21.314429+08:00","level":"DEBUG","msg":"main model update","msg":"model.frameMsg {}"}
{"time":"2024-07-21T17:36:21.331665+08:00","level":"DEBUG","msg":"main model update","msg":"model.frameMsg {}"}
{"time":"2024-07-21T17:36:21.349657+08:00","level":"DEBUG","msg":"main model update","msg":"model.frameMsg {}"}
{"time":"2024-07-21T17:36:21.367694+08:00","level":"DEBUG","msg":"main model update","msg":"model.frameMsg {}"}
{"time":"2024-07-21T17:36:21.384779+08:00","level":"DEBUG","msg":"main model update","msg":"model.frameMsg {}"}
{"time":"2024-07-21T17:36:21.402769+08:00","level":"DEBUG","msg":"main model update","msg":"model.frameMsg {}"}
{"time":"2024-07-21T17:36:21.420697+08:00","level":"DEBUG","msg":"main model update","msg":"model.frameMsg {}"}
{"time":"2024-07-21T17:36:21.437545+08:00","level":"DEBUG","msg":"main model update","msg":"model.frameMsg {}"}
{"time":"2024-07-21T17:36:21.45436+08:00","level":"DEBUG","msg":"main model update","msg":"model.frameMsg {}"}
{"time":"2024-07-21T17:36:21.471234+08:00","level":"DEBUG","msg":"main model update","msg":"model.frameMsg {}"}
{"time":"2024-07-21T17:36:21.488195+08:00","level":"DEBUG","msg":"main model update","msg":"model.frameMsg {}"}
{"time":"2024-07-21T17:36:21.505138+08:00","level":"DEBUG","msg":"main model update","msg":"model.frameMsg {}"}
{"time":"2024-07-21T17:36:21.522203+08:00","level":"DEBUG","msg":"main model update","msg":"model.frameMsg {}"}
{"time":"2024-07-21T17:36:21.539298+08:00","level":"DEBUG","msg":"main model update","msg":"model.frameMsg {}"}
{"time":"2024-07-21T17:36:21.556429+08:00","level":"DEBUG","msg":"main model update","msg":"model.frameMsg {}"}
{"time":"2024-07-21T17:36:21.573738+08:00","level":"DEBUG","msg":"main model update","msg":"model.frameMsg {}"}
{"time":"2024-07-21T17:36:21.591033+08:00","level":"DEBUG","msg":"main model update","msg":"model.frameMsg {}"}
{"time":"2024-07-21T17:36:21.608383+08:00","level":"DEBUG","msg":"main model update","msg":"model.frameMsg {}"}
{"time":"2024-07-21T17:36:21.625449+08:00","level":"DEBUG","msg":"main model update","msg":"model.frameMsg {}"}
{"time":"2024-07-21T17:36:21.642581+08:00","level":"DEBUG","msg":"main model update","msg":"model.frameMsg {}"}
{"time":"2024-07-21T17:36:21.660205+08:00","level":"DEBUG","msg":"main model update","msg":"model.frameMsg {}"}
{"time":"2024-07-21T17:36:21.677878+08:00","level":"DEBUG","msg":"main model update","msg":"model.frameMsg {}"}
{"time":"2024-07-21T17:36:21.695828+08:00","level":"DEBUG","msg":"main model update","msg":"model.frameMsg {}"}
{"time":"2024-07-21T17:36:21.713771+08:00","level":"DEBUG","msg":"main model update","msg":"model.frameMsg {}"}
{"time":"2024-07-21T17:36:21.731691+08:00","level":"DEBUG","msg":"main model update","msg":"model.frameMsg {}"}
{"time":"2024-07-21T17:36:21.749612+08:00","level":"DEBUG","msg":"main model update","msg":"model.frameMsg {}"}
{"time":"2024-07-21T17:36:21.767689+08:00","level":"DEBUG","msg":"main model update","msg":"model.frameMsg {}"}
{"time":"2024-07-21T17:36:21.785615+08:00","level":"DEBUG","msg":"main model update","msg":"model.frameMsg {}"}
{"time":"2024-07-21T17:36:21.803506+08:00","level":"DEBUG","msg":"main model update","msg":"model.frameMsg {}"}
{"time":"2024-07-21T17:36:21.820618+08:00","level":"DEBUG","msg":"main model update","msg":"model.frameMsg {}"}
{"time":"2024-07-21T17:36:21.837587+08:00","level":"DEBUG","msg":"main model update","msg":"model.frameMsg {}"}
{"time":"2024-07-21T17:36:21.854968+08:00","level":"DEBUG","msg":"main model update","msg":"model.frameMsg {}"}
{"time":"2024-07-21T17:36:21.87199+08:00","level":"DEBUG","msg":"main model update","msg":"model.frameMsg {}"}
{"time":"2024-07-21T17:36:21.88912+08:00","level":"DEBUG","msg":"main model update","msg":"model.frameMsg {}"}
{"time":"2024-07-21T17:36:21.906257+08:00","level":"DEBUG","msg":"main model update","msg":"model.frameMsg {}"}
{"time":"2024-07-21T17:36:21.921465+08:00","level":"ERROR","msg":"crawl error","language":"go","original error:":"*url.Error &{%!V(string=Get) %!V(string=https://github.com/trending/go?since=daily) %!V(*errors.errorString=&{unexpected EOF})}","stack":"Get \"https://github.com/trending/go?since=daily\": unexpected EOF\nfetch error\ngitrender/service.Crawl\n\t/Users/winter_wang/Project/gitrender/service/crawler.go:36\ngitrender/ui/model.crawl\n\t/Users/winter_wang/Project/gitrender/ui/model/fetch.go:62\nruntime.goexit\n\t/opt/homebrew/opt/go/libexec/src/runtime/asm_arm64.s:1197"}
{"time":"2024-07-21T17:36:21.923456+08:00","level":"DEBUG","msg":"main model update","msg":"model.frameMsg {}"}
{"time":"2024-07-21T17:36:22.266853+08:00","level":"DEBUG","msg":"main model update","msg":"model.tickMsg {}"}
{"time":"2024-07-21T17:36:22.923978+08:00","level":"DEBUG","msg":"main model update","msg":"model.tickMsg {}"}
{"time":"2024-07-21T17:36:23.267902+08:00","level":"DEBUG","msg":"main model update","msg":"model.tickMsg {}"}
{"time":"2024-07-21T17:36:23.924639+08:00","level":"DEBUG","msg":"main model update","msg":"model.tickMsg {}"}
{"time":"2024-07-21T17:36:24.269178+08:00","level":"DEBUG","msg":"main model update","msg":"model.tickMsg {}"}
{"time":"2024-07-21T17:36:24.925315+08:00","level":"DEBUG","msg":"main model update","msg":"model.tickMsg {}"}
{"time":"2024-07-21T17:36:25.270492+08:00","level":"DEBUG","msg":"main model update","msg":"model.tickMsg {}"}
{"time":"2024-07-21T17:36:25.926148+08:00","level":"DEBUG","msg":"main model update","msg":"model.tickMsg {}"}
{"time":"2024-07-21T17:36:26.27075+08:00","level":"DEBUG","msg":"main model update","msg":"model.tickMsg {}"}
{"time":"2024-07-21T17:36:26.927036+08:00","level":"DEBUG","msg":"main model update","msg":"model.tickMsg {}"}
{"time":"2024-07-21T17:36:27.270917+08:00","level":"DEBUG","msg":"main model update","msg":"model.tickMsg {}"}
